<?xml version="1.0" encoding="UTF-8"?>
<!-- Generated by org.testng.reporters.JUnitReportReporter -->
<testsuite hostname="User-VAIO" failures="0" tests="1" name="co.amazon.tests.Homepagetest" time="0.056" errors="0" timestamp="2022-09-08T22:34:02 IST" skipped="0">
  <testcase classname="co.amazon.tests.Homepagetest" name="inti" time="0.056"/>
  <system-out/>
</testsuite> <!-- co.amazon.tests.Homepagetest -->
